# JRE version: Java(TM) SE Runtime Environment (17.0.17+8) (build 17.0.17+8-LTS-360)
# Java VM: Java HotSpot(TM) 64-Bit Server VM (17.0.17+8-LTS-360, mixed mode, sharing, tiered, compressed oops, compressed class ptrs, g1 gc, windows-amd64)
GC Precious Log:
 CPUs: 8 total, 8 available
 Memory: 16122M
 Large Page Support: Disabled
 NUMA Support: Disabled
 Compressed Oops: Enabled (Zero based)
 Heap Region Size: 2M
 Heap Min Capacity: 8M
 Heap Initial Capacity: 8M
 Heap Max Capacity: 4032M
 Pre-touch: Disabled
 Parallel Workers: 8
 Concurrent Workers: 2
 Concurrent Refinement Workers: 8
 Periodic GC: Disabled
Heap:
 garbage-first heap   total 14336K, used 5764K [0x0000000704000000, 0x0000000800000000)
  region size 2048K, 1 young (2048K), 1 survivors (2048K)
 Metaspace       used 9027K, committed 9152K, reserved 1114112K
  class space    used 1034K, committed 1088K, reserved 1048576K
GC Heap History (17 events):
Event: 0.148 GC heap before
{Heap before GC invocations=0 (full 0):
 garbage-first heap   total 8192K, used 2048K [0x0000000704000000, 0x0000000800000000)
  region size 2048K, 1 young (2048K), 0 survivors (0K)
 Metaspace       used 1587K, committed 1728K, reserved 1114112K
  class space    used 187K, committed 256K, reserved 1048576K
}
Event: 0.151 GC heap after
{Heap after GC invocations=1 (full 0):
 garbage-first heap   total 8192K, used 1152K [0x0000000704000000, 0x0000000800000000)
  region size 2048K, 1 young (2048K), 1 survivors (2048K)
 Metaspace       used 1587K, committed 1728K, reserved 1114112K
  class space    used 187K, committed 256K, reserved 1048576K
}
Event: 0.300 GC heap before
{Heap before GC invocations=1 (full 0):
 garbage-first heap   total 8192K, used 1152K [0x0000000704000000, 0x0000000800000000)
  region size 2048K, 2 young (4096K), 1 survivors (2048K)
 Metaspace       used 5604K, committed 5824K, reserved 1114112K
  class space    used 674K, committed 768K, reserved 1048576K
}
Event: 0.303 GC heap after
{Heap after GC invocations=2 (full 0):
 garbage-first heap   total 8192K, used 1845K [0x0000000704000000, 0x0000000800000000)
  region size 2048K, 1 young (2048K), 1 survivors (2048K)
 Metaspace       used 5604K, committed 5824K, reserved 1114112K
  class space    used 674K, committed 768K, reserved 1048576K
}
Event: 0.404 GC heap before
{Heap before GC invocations=2 (full 0):
 garbage-first heap   total 8192K, used 1845K [0x0000000704000000, 0x0000000800000000)
  region size 2048K, 2 young (4096K), 1 survivors (2048K)
 Metaspace       used 7591K, committed 7744K, reserved 1114112K
  class space    used 870K, committed 960K, reserved 1048576K
}
Event: 0.409 GC heap after
{Heap after GC invocations=3 (full 0):
 garbage-first heap   total 8192K, used 2814K [0x0000000704000000, 0x0000000800000000)
  region size 2048K, 1 young (2048K), 1 survivors (2048K)
 Metaspace       used 7591K, committed 7744K, reserved 1114112K
  class space    used 870K, committed 960K, reserved 1048576K
}
Event: 0.465 GC heap before
{Heap before GC invocations=3 (full 0):
 garbage-first heap   total 8192K, used 2814K [0x0000000704000000, 0x0000000800000000)
  region size 2048K, 2 young (4096K), 1 survivors (2048K)
 Metaspace       used 7834K, committed 8000K, reserved 1114112K
  class space    used 897K, committed 1024K, reserved 1048576K
}
Event: 0.468 GC heap after
{Heap after GC invocations=4 (full 0):
 garbage-first heap   total 8192K, used 3036K [0x0000000704000000, 0x0000000800000000)
  region size 2048K, 1 young (2048K), 1 survivors (2048K)
 Metaspace       used 7834K, committed 8000K, reserved 1114112K
  class space    used 897K, committed 1024K, reserved 1048576K
}
Event: 0.551 GC heap before
{Heap before GC invocations=4 (full 0):
 garbage-first heap   total 8192K, used 3036K [0x0000000704000000, 0x0000000800000000)
  region size 2048K, 2 young (4096K), 1 survivors (2048K)
 Metaspace       used 8384K, committed 8576K, reserved 1114112K
  class space    used 960K, committed 1024K, reserved 1048576K
}
Event: 0.556 GC heap after
{Heap after GC invocations=5 (full 0):
 garbage-first heap   total 14336K, used 4098K [0x0000000704000000, 0x0000000800000000)
  region size 2048K, 1 young (2048K), 1 survivors (2048K)
 Metaspace       used 8384K, committed 8576K, reserved 1114112K
  class space    used 960K, committed 1024K, reserved 1048576K
}
Event: 0.652 GC heap before
{Heap before GC invocations=5 (full 0):
 garbage-first heap   total 14336K, used 6146K [0x0000000704000000, 0x0000000800000000)
  region size 2048K, 2 young (4096K), 1 survivors (2048K)
 Metaspace       used 8759K, committed 8896K, reserved 1114112K
  class space    used 1013K, committed 1088K, reserved 1048576K
}
Event: 0.656 GC heap after
{Heap after GC invocations=6 (full 0):
 garbage-first heap   total 14336K, used 4732K [0x0000000704000000, 0x0000000800000000)
  region size 2048K, 1 young (2048K), 1 survivors (2048K)
 Metaspace       used 8759K, committed 8896K, reserved 1114112K
  class space    used 1013K, committed 1088K, reserved 1048576K
}
Event: 0.685 GC heap before
{Heap before GC invocations=6 (full 0):
 garbage-first heap   total 14336K, used 6780K [0x0000000704000000, 0x0000000800000000)
  region size 2048K, 2 young (4096K), 1 survivors (2048K)
 Metaspace       used 8800K, committed 8960K, reserved 1114112K
  class space    used 1013K, committed 1088K, reserved 1048576K
}
Event: 0.689 GC heap after
{Heap after GC invocations=7 (full 0):
 garbage-first heap   total 14336K, used 5040K [0x0000000704000000, 0x0000000800000000)
  region size 2048K, 1 young (2048K), 1 survivors (2048K)
 Metaspace       used 8800K, committed 8960K, reserved 1114112K
  class space    used 1013K, committed 1088K, reserved 1048576K
}
Event: 0.737 GC heap before
{Heap before GC invocations=7 (full 0):
 garbage-first heap   total 14336K, used 7088K [0x0000000704000000, 0x0000000800000000)
  region size 2048K, 2 young (4096K), 1 survivors (2048K)
 Metaspace       used 9010K, committed 9152K, reserved 1114112K
  class space    used 1034K, committed 1088K, reserved 1048576K
}
Event: 0.741 GC heap after
{Heap after GC invocations=8 (full 0):
 garbage-first heap   total 14336K, used 5433K [0x0000000704000000, 0x0000000800000000)
  region size 2048K, 1 young (2048K), 1 survivors (2048K)
 Metaspace       used 9010K, committed 9152K, reserved 1114112K
  class space    used 1034K, committed 1088K, reserved 1048576K
}
Event: 0.765 GC heap before
{Heap before GC invocations=8 (full 0):
 garbage-first heap   total 14336K, used 7481K [0x0000000704000000, 0x0000000800000000)
  region size 2048K, 2 young (4096K), 1 survivors (2048K)
 Metaspace       used 9027K, committed 9152K, reserved 1114112K
  class space    used 1034K, committed 1088K, reserved 1048576K
}

