# JRE version: Java(TM) SE Runtime Environment (17.0.17+8) (build 17.0.17+8-LTS-360)
# Java VM: Java HotSpot(TM) 64-Bit Server VM (17.0.17+8-LTS-360, mixed mode, sharing, tiered, compressed oops, compressed class ptrs, g1 gc, windows-amd64)
GC Precious Log:
 CPUs: 8 total, 8 available
 Memory: 16122M
 Large Page Support: Disabled
 NUMA Support: Disabled
 Compressed Oops: Enabled (Zero based)
 Heap Region Size: 2M
 Heap Min Capacity: 8M
 Heap Initial Capacity: 252M
 Heap Max Capacity: 4032M
 Pre-touch: Disabled
 Parallel Workers: 8
 Concurrent Workers: 2
 Concurrent Refinement Workers: 8
 Periodic GC: Disabled
Heap:
 garbage-first heap   total 258048K, used 72608K [0x0000000704000000, 0x0000000800000000)
  region size 2048K, 24 young (49152K), 1 survivors (2048K)
 Metaspace       used 18503K, committed 18752K, reserved 1114112K
  class space    used 1963K, committed 2112K, reserved 1048576K
GC Heap History (6 events):
Event: 8.443 GC heap before
{Heap before GC invocations=0 (full 0):
 garbage-first heap   total 258048K, used 28672K [0x0000000704000000, 0x0000000800000000)
  region size 2048K, 11 young (22528K), 0 survivors (0K)
 Metaspace       used 12633K, committed 12864K, reserved 1114112K
  class space    used 1400K, committed 1536K, reserved 1048576K
}
Event: 8.446 GC heap after
{Heap after GC invocations=1 (full 0):
 garbage-first heap   total 258048K, used 12191K [0x0000000704000000, 0x0000000800000000)
  region size 2048K, 2 young (4096K), 2 survivors (4096K)
 Metaspace       used 12633K, committed 12864K, reserved 1114112K
  class space    used 1400K, committed 1536K, reserved 1048576K
}
Event: 14.216 GC heap before
{Heap before GC invocations=1 (full 0):
 garbage-first heap   total 258048K, used 30623K [0x0000000704000000, 0x0000000800000000)
  region size 2048K, 11 young (22528K), 2 survivors (4096K)
 Metaspace       used 13200K, committed 13376K, reserved 1114112K
  class space    used 1434K, committed 1536K, reserved 1048576K
}
Event: 14.220 GC heap after
{Heap after GC invocations=2 (full 0):
 garbage-first heap   total 258048K, used 13300K [0x0000000704000000, 0x0000000800000000)
  region size 2048K, 1 young (2048K), 1 survivors (2048K)
 Metaspace       used 13200K, committed 13376K, reserved 1114112K
  class space    used 1434K, committed 1536K, reserved 1048576K
}
Event: 58.237 GC heap before
{Heap before GC invocations=2 (full 0):
 garbage-first heap   total 258048K, used 66548K [0x0000000704000000, 0x0000000800000000)
  region size 2048K, 27 young (55296K), 1 survivors (2048K)
 Metaspace       used 13381K, committed 13568K, reserved 1114112K
  class space    used 1437K, committed 1536K, reserved 1048576K
}
Event: 58.238 GC heap after
{Heap after GC invocations=3 (full 0):
 garbage-first heap   total 258048K, used 13216K [0x0000000704000000, 0x0000000800000000)
  region size 2048K, 1 young (2048K), 1 survivors (2048K)
 Metaspace       used 13381K, committed 13568K, reserved 1114112K
  class space    used 1437K, committed 1536K, reserved 1048576K
}

