# JRE version: Java(TM) SE Runtime Environment (17.0.17+8) (build 17.0.17+8-LTS-360)
# Java VM: Java HotSpot(TM) 64-Bit Server VM (17.0.17+8-LTS-360, mixed mode, sharing, tiered, compressed oops, compressed class ptrs, g1 gc, windows-amd64)
GC Precious Log:
 CPUs: 8 total, 8 available
 Memory: 16122M
 Large Page Support: Disabled
 NUMA Support: Disabled
 Compressed Oops: Enabled (Zero based)
 Heap Region Size: 2M
 Heap Min Capacity: 8M
 Heap Initial Capacity: 8M
 Heap Max Capacity: 4032M
 Pre-touch: Disabled
 Parallel Workers: 8
 Concurrent Workers: 2
 Concurrent Refinement Workers: 8
 Periodic GC: Disabled
Heap:
 garbage-first heap   total 14336K, used 5911K [0x0000000704000000, 0x0000000800000000)
  region size 2048K, 1 young (2048K), 1 survivors (2048K)
 Metaspace       used 9014K, committed 9152K, reserved 1114112K
  class space    used 1032K, committed 1088K, reserved 1048576K
GC Heap History (17 events):
Event: 0.192 GC heap before
{Heap before GC invocations=0 (full 0):
 garbage-first heap   total 8192K, used 2048K [0x0000000704000000, 0x0000000800000000)
  region size 2048K, 1 young (2048K), 0 survivors (0K)
 Metaspace       used 1583K, committed 1728K, reserved 1114112K
  class space    used 187K, committed 256K, reserved 1048576K
}
Event: 0.194 GC heap after
{Heap after GC invocations=1 (full 0):
 garbage-first heap   total 8192K, used 1152K [0x0000000704000000, 0x0000000800000000)
  region size 2048K, 1 young (2048K), 1 survivors (2048K)
 Metaspace       used 1583K, committed 1728K, reserved 1114112K
  class space    used 187K, committed 256K, reserved 1048576K
}
Event: 0.367 GC heap before
{Heap before GC invocations=1 (full 0):
 garbage-first heap   total 8192K, used 1152K [0x0000000704000000, 0x0000000800000000)
  region size 2048K, 2 young (4096K), 1 survivors (2048K)
 Metaspace       used 5602K, committed 5824K, reserved 1114112K
  class space    used 673K, committed 768K, reserved 1048576K
}
Event: 0.370 GC heap after
{Heap after GC invocations=2 (full 0):
 garbage-first heap   total 8192K, used 1844K [0x0000000704000000, 0x0000000800000000)
  region size 2048K, 1 young (2048K), 1 survivors (2048K)
 Metaspace       used 5602K, committed 5824K, reserved 1114112K
  class space    used 673K, committed 768K, reserved 1048576K
}
Event: 0.485 GC heap before
{Heap before GC invocations=2 (full 0):
 garbage-first heap   total 8192K, used 1844K [0x0000000704000000, 0x0000000800000000)
  region size 2048K, 2 young (4096K), 1 survivors (2048K)
 Metaspace       used 7598K, committed 7808K, reserved 1114112K
  class space    used 868K, committed 960K, reserved 1048576K
}
Event: 0.490 GC heap after
{Heap after GC invocations=3 (full 0):
 garbage-first heap   total 8192K, used 2784K [0x0000000704000000, 0x0000000800000000)
  region size 2048K, 1 young (2048K), 1 survivors (2048K)
 Metaspace       used 7598K, committed 7808K, reserved 1114112K
  class space    used 868K, committed 960K, reserved 1048576K
}
Event: 0.563 GC heap before
{Heap before GC invocations=3 (full 0):
 garbage-first heap   total 8192K, used 2784K [0x0000000704000000, 0x0000000800000000)
  region size 2048K, 2 young (4096K), 1 survivors (2048K)
 Metaspace       used 7822K, committed 8000K, reserved 1114112K
  class space    used 895K, committed 1024K, reserved 1048576K
}
Event: 0.567 GC heap after
{Heap after GC invocations=4 (full 0):
 garbage-first heap   total 8192K, used 3002K [0x0000000704000000, 0x0000000800000000)
  region size 2048K, 1 young (2048K), 1 survivors (2048K)
 Metaspace       used 7822K, committed 8000K, reserved 1114112K
  class space    used 895K, committed 1024K, reserved 1048576K
}
Event: 0.696 GC heap before
{Heap before GC invocations=4 (full 0):
 garbage-first heap   total 8192K, used 3002K [0x0000000704000000, 0x0000000800000000)
  region size 2048K, 2 young (4096K), 1 survivors (2048K)
 Metaspace       used 8363K, committed 8576K, reserved 1114112K
  class space    used 958K, committed 1024K, reserved 1048576K
}
Event: 1.716 GC heap after
{Heap after GC invocations=5 (full 0):
 garbage-first heap   total 14336K, used 4015K [0x0000000704000000, 0x0000000800000000)
  region size 2048K, 1 young (2048K), 1 survivors (2048K)
 Metaspace       used 8363K, committed 8576K, reserved 1114112K
  class space    used 958K, committed 1024K, reserved 1048576K
}
Event: 1.788 GC heap before
{Heap before GC invocations=5 (full 0):
 garbage-first heap   total 14336K, used 6063K [0x0000000704000000, 0x0000000800000000)
  region size 2048K, 2 young (4096K), 1 survivors (2048K)
 Metaspace       used 8750K, committed 8896K, reserved 1114112K
  class space    used 1011K, committed 1088K, reserved 1048576K
}
Event: 1.791 GC heap after
{Heap after GC invocations=6 (full 0):
 garbage-first heap   total 14336K, used 4666K [0x0000000704000000, 0x0000000800000000)
  region size 2048K, 1 young (2048K), 1 survivors (2048K)
 Metaspace       used 8750K, committed 8896K, reserved 1114112K
  class space    used 1011K, committed 1088K, reserved 1048576K
}
Event: 1.807 GC heap before
{Heap before GC invocations=6 (full 0):
 garbage-first heap   total 14336K, used 6714K [0x0000000704000000, 0x0000000800000000)
  region size 2048K, 2 young (4096K), 1 survivors (2048K)
 Metaspace       used 8789K, committed 8960K, reserved 1114112K
  class space    used 1011K, committed 1088K, reserved 1048576K
}
Event: 1.809 GC heap after
{Heap after GC invocations=7 (full 0):
 garbage-first heap   total 14336K, used 5083K [0x0000000704000000, 0x0000000800000000)
  region size 2048K, 1 young (2048K), 1 survivors (2048K)
 Metaspace       used 8789K, committed 8960K, reserved 1114112K
  class space    used 1011K, committed 1088K, reserved 1048576K
}
Event: 1.844 GC heap before
{Heap before GC invocations=7 (full 0):
 garbage-first heap   total 14336K, used 7131K [0x0000000704000000, 0x0000000800000000)
  region size 2048K, 2 young (4096K), 1 survivors (2048K)
 Metaspace       used 8998K, committed 9088K, reserved 1114112K
  class space    used 1032K, committed 1088K, reserved 1048576K
}
Event: 1.847 GC heap after
{Heap after GC invocations=8 (full 0):
 garbage-first heap   total 14336K, used 5461K [0x0000000704000000, 0x0000000800000000)
  region size 2048K, 1 young (2048K), 1 survivors (2048K)
 Metaspace       used 8998K, committed 9088K, reserved 1114112K
  class space    used 1032K, committed 1088K, reserved 1048576K
}
Event: 1.858 GC heap before
{Heap before GC invocations=8 (full 0):
 garbage-first heap   total 14336K, used 7509K [0x0000000704000000, 0x0000000800000000)
  region size 2048K, 2 young (4096K), 1 survivors (2048K)
 Metaspace       used 9014K, committed 9152K, reserved 1114112K
  class space    used 1032K, committed 1088K, reserved 1048576K
}

